
＝＝＝＝＝＝＝＝＝＝ 
【日志级别】ERROR 
【记录时间】2015-08-25 10:28:49,404 
【线程编号】[7] 
【执行时间】[507]毫秒 
【出错文件】e:\exam\admin\login.aspx.cs 
【出错行号】34 
【出错的类】Jnwf.Utils.Log.Logger 属性[(null)] 
【错误描述】login,name:coco@test.ksx.com,pwd:123123,ex:正在中止线程。|   在 System.Threading.Thread.AbortInternal()
   在 System.Threading.Thread.Abort(Object stateInfo)
   在 System.Web.HttpResponse.AbortCurrentThread()
   在 System.Web.HttpResponse.End()
   在 System.Web.HttpResponse.Redirect(String url, Boolean endResponse, Boolean permanent)
   在 System.Web.HttpResponse.Redirect(String url)
   在 login.Button1_Click(Object sender, EventArgs e) 位置 e:\exam\admin\login.aspx.cs:行号 25 
【错误详情】

＝＝＝＝＝＝＝＝＝＝ 
【日志级别】ERROR 
【记录时间】2015-08-25 15:59:50,078 
【线程编号】[66] 
【执行时间】[349]毫秒 
【出错文件】e:\exam\admin\login.aspx.cs 
【出错行号】34 
【出错的类】Jnwf.Utils.Log.Logger 属性[(null)] 
【错误描述】login,name:coco@test.ksx.com,pwd:123123,ex:正在中止线程。|   在 System.Threading.Thread.AbortInternal()
   在 System.Threading.Thread.Abort(Object stateInfo)
   在 System.Web.HttpResponse.AbortCurrentThread()
   在 System.Web.HttpResponse.End()
   在 System.Web.HttpResponse.Redirect(String url, Boolean endResponse, Boolean permanent)
   在 System.Web.HttpResponse.Redirect(String url)
   在 login.Button1_Click(Object sender, EventArgs e) 位置 e:\exam\admin\login.aspx.cs:行号 25 
【错误详情】

＝＝＝＝＝＝＝＝＝＝ 
【日志级别】ERROR 
【记录时间】2015-08-25 17:49:18,126 
【线程编号】[45] 
【执行时间】[6568396]毫秒 
【出错文件】e:\exam\admin\login.aspx.cs 
【出错行号】34 
【出错的类】Jnwf.Utils.Log.Logger 属性[(null)] 
【错误描述】login,name:coco@test.ksx.com,pwd:123123,ex:正在中止线程。|   在 System.Threading.Thread.AbortInternal()
   在 System.Threading.Thread.Abort(Object stateInfo)
   在 System.Web.HttpResponse.AbortCurrentThread()
   在 System.Web.HttpResponse.End()
   在 System.Web.HttpResponse.Redirect(String url, Boolean endResponse, Boolean permanent)
   在 System.Web.HttpResponse.Redirect(String url)
   在 login.Button1_Click(Object sender, EventArgs e) 位置 e:\exam\admin\login.aspx.cs:行号 25 
【错误详情】
