
＝＝＝＝＝＝＝＝＝＝ 
【日志级别】ERROR 
【记录时间】2015-08-27 09:27:20,548 
【线程编号】[8] 
【执行时间】[198]毫秒 
【出错文件】e:\exam\admin\login.aspx.cs 
【出错行号】34 
【出错的类】Jnwf.Utils.Log.Logger 属性[(null)] 
【错误描述】login,name:coco@test.ksx.com,pwd:123123,ex:正在中止线程。|   在 System.Threading.Thread.AbortInternal()
   在 System.Threading.Thread.Abort(Object stateInfo)
   在 System.Web.HttpResponse.AbortCurrentThread()
   在 System.Web.HttpResponse.End()
   在 System.Web.HttpResponse.Redirect(String url, Boolean endResponse, Boolean permanent)
   在 System.Web.HttpResponse.Redirect(String url)
   在 login.Button1_Click(Object sender, EventArgs e) 位置 e:\exam\admin\login.aspx.cs:行号 25 
【错误详情】

＝＝＝＝＝＝＝＝＝＝ 
【日志级别】ERROR 
【记录时间】2015-08-27 09:48:34,192 
【线程编号】[37] 
【执行时间】[1273841]毫秒 
【出错文件】e:\exam\admin\login.aspx.cs 
【出错行号】34 
【出错的类】Jnwf.Utils.Log.Logger 属性[(null)] 
【错误描述】login,name:coco@test.ksx.com,pwd:123123,ex:正在中止线程。|   在 System.Threading.Thread.AbortInternal()
   在 System.Threading.Thread.Abort(Object stateInfo)
   在 System.Web.HttpResponse.AbortCurrentThread()
   在 System.Web.HttpResponse.End()
   在 System.Web.HttpResponse.Redirect(String url, Boolean endResponse, Boolean permanent)
   在 System.Web.HttpResponse.Redirect(String url)
   在 login.Button1_Click(Object sender, EventArgs e) 位置 e:\exam\admin\login.aspx.cs:行号 25 
【错误详情】

＝＝＝＝＝＝＝＝＝＝ 
【日志级别】ERROR 
【记录时间】2015-08-27 10:09:07,517 
【线程编号】[71] 
【执行时间】[2507166]毫秒 
【出错文件】e:\exam\admin\login.aspx.cs 
【出错行号】34 
【出错的类】Jnwf.Utils.Log.Logger 属性[(null)] 
【错误描述】login,name:coco@test.ksx.com,pwd:123123,ex:正在中止线程。|   在 System.Threading.Thread.AbortInternal()
   在 System.Threading.Thread.Abort(Object stateInfo)
   在 System.Web.HttpResponse.AbortCurrentThread()
   在 System.Web.HttpResponse.End()
   在 System.Web.HttpResponse.Redirect(String url, Boolean endResponse, Boolean permanent)
   在 System.Web.HttpResponse.Redirect(String url)
   在 login.Button1_Click(Object sender, EventArgs e) 位置 e:\exam\admin\login.aspx.cs:行号 25 
【错误详情】

＝＝＝＝＝＝＝＝＝＝ 
【日志级别】ERROR 
【记录时间】2015-08-27 11:26:41,054 
【线程编号】[69] 
【执行时间】[293]毫秒 
【出错文件】e:\exam\admin\login.aspx.cs 
【出错行号】34 
【出错的类】Jnwf.Utils.Log.Logger 属性[(null)] 
【错误描述】login,name:coco@test.ksx.com,pwd:123123,ex:正在中止线程。|   在 System.Threading.Thread.AbortInternal()
   在 System.Threading.Thread.Abort(Object stateInfo)
   在 System.Web.HttpResponse.AbortCurrentThread()
   在 System.Web.HttpResponse.End()
   在 System.Web.HttpResponse.Redirect(String url, Boolean endResponse, Boolean permanent)
   在 System.Web.HttpResponse.Redirect(String url)
   在 login.Button1_Click(Object sender, EventArgs e) 位置 e:\exam\admin\login.aspx.cs:行号 25 
【错误详情】

＝＝＝＝＝＝＝＝＝＝ 
【日志级别】ERROR 
【记录时间】2015-08-27 11:27:04,512 
【线程编号】[73] 
【执行时间】[23751]毫秒 
【出错文件】e:\exam\admin\user\ListName.aspx.cs 
【出错行号】55 
【出错的类】Jnwf.Utils.Log.Logger 属性[(null)] 
【错误描述】listname,ex:1111 
【错误详情】

＝＝＝＝＝＝＝＝＝＝ 
【日志级别】ERROR 
【记录时间】2015-08-27 11:48:21,335 
【线程编号】[74] 
【执行时间】[1300574]毫秒 
【出错文件】e:\exam\admin\login.aspx.cs 
【出错行号】34 
【出错的类】Jnwf.Utils.Log.Logger 属性[(null)] 
【错误描述】login,name:coco@test.ksx.com,pwd:123123,ex:正在中止线程。|   在 System.Threading.Thread.AbortInternal()
   在 System.Threading.Thread.Abort(Object stateInfo)
   在 System.Web.HttpResponse.AbortCurrentThread()
   在 System.Web.HttpResponse.End()
   在 System.Web.HttpResponse.Redirect(String url, Boolean endResponse, Boolean permanent)
   在 System.Web.HttpResponse.Redirect(String url)
   在 login.Button1_Click(Object sender, EventArgs e) 位置 e:\exam\admin\login.aspx.cs:行号 25 
【错误详情】

＝＝＝＝＝＝＝＝＝＝ 
【日志级别】ERROR 
【记录时间】2015-08-27 11:48:21,845 
【线程编号】[38] 
【执行时间】[1301084]毫秒 
【出错文件】e:\exam\admin\user\ListName.aspx.cs 
【出错行号】55 
【出错的类】Jnwf.Utils.Log.Logger 属性[(null)] 
【错误描述】listname,ex:1111 
【错误详情】

＝＝＝＝＝＝＝＝＝＝ 
【日志级别】ERROR 
【记录时间】2015-08-27 12:03:16,087 
【线程编号】[25] 
【执行时间】[2195325]毫秒 
【出错文件】e:\exam\admin\user\ListName.aspx.cs 
【出错行号】55 
【出错的类】Jnwf.Utils.Log.Logger 属性[(null)] 
【错误描述】listname,ex:1111 
【错误详情】

＝＝＝＝＝＝＝＝＝＝ 
【日志级别】ERROR 
【记录时间】2015-08-27 12:03:20,884 
【线程编号】[26] 
【执行时间】[2200122]毫秒 
【出错文件】e:\exam\admin\user\ListName.aspx.cs 
【出错行号】55 
【出错的类】Jnwf.Utils.Log.Logger 属性[(null)] 
【错误描述】listname,ex:1111 
【错误详情】

＝＝＝＝＝＝＝＝＝＝ 
【日志级别】ERROR 
【记录时间】2015-08-27 12:03:24,095 
【线程编号】[23] 
【执行时间】[2203334]毫秒 
【出错文件】e:\exam\admin\user\ListName.aspx.cs 
【出错行号】55 
【出错的类】Jnwf.Utils.Log.Logger 属性[(null)] 
【错误描述】listname,ex:1111 
【错误详情】

＝＝＝＝＝＝＝＝＝＝ 
【日志级别】ERROR 
【记录时间】2015-08-27 12:04:31,104 
【线程编号】[26] 
【执行时间】[2270342]毫秒 
【出错文件】e:\exam\admin\user\ListName.aspx.cs 
【出错行号】55 
【出错的类】Jnwf.Utils.Log.Logger 属性[(null)] 
【错误描述】listname,ex:1111 
【错误详情】

＝＝＝＝＝＝＝＝＝＝ 
【日志级别】ERROR 
【记录时间】2015-08-27 13:08:52,996 
【线程编号】[19] 
【执行时间】[6132234]毫秒 
【出错文件】e:\exam\admin\login.aspx.cs 
【出错行号】34 
【出错的类】Jnwf.Utils.Log.Logger 属性[(null)] 
【错误描述】login,name:jichenyu,pwd:123123,ex:索引超出了数组界限。|   在 UserIdentity.AuthenticateUser(String username, String password, String role, Boolean persistLogin) 位置 e:\exam\admin\App_Code\UserIdentity.cs:行号 273
   在 UserIdentity.AuthenticateUser(String username, String password, Boolean persistLogin) 位置 e:\exam\admin\App_Code\UserIdentity.cs:行号 288
   在 login.Button1_Click(Object sender, EventArgs e) 位置 e:\exam\admin\login.aspx.cs:行号 20 
【错误详情】

＝＝＝＝＝＝＝＝＝＝ 
【日志级别】ERROR 
【记录时间】2015-08-27 13:13:45,769 
【线程编号】[15] 
【执行时间】[6425008]毫秒 
【出错文件】e:\exam\admin\login.aspx.cs 
【出错行号】34 
【出错的类】Jnwf.Utils.Log.Logger 属性[(null)] 
【错误描述】login,name:coco@test.ksx.com,pwd:123123,ex:正在中止线程。|   在 System.Threading.Thread.AbortInternal()
   在 System.Threading.Thread.Abort(Object stateInfo)
   在 System.Web.HttpResponse.AbortCurrentThread()
   在 System.Web.HttpResponse.End()
   在 System.Web.HttpResponse.Redirect(String url, Boolean endResponse, Boolean permanent)
   在 System.Web.HttpResponse.Redirect(String url)
   在 login.Button1_Click(Object sender, EventArgs e) 位置 e:\exam\admin\login.aspx.cs:行号 25 
【错误详情】

＝＝＝＝＝＝＝＝＝＝ 
【日志级别】ERROR 
【记录时间】2015-08-27 13:13:51,866 
【线程编号】[21] 
【执行时间】[6431104]毫秒 
【出错文件】e:\exam\admin\user\ListName.aspx.cs 
【出错行号】55 
【出错的类】Jnwf.Utils.Log.Logger 属性[(null)] 
【错误描述】listname,ex:1111 
【错误详情】

＝＝＝＝＝＝＝＝＝＝ 
【日志级别】ERROR 
【记录时间】2015-08-27 13:15:50,917 
【线程编号】[15] 
【执行时间】[6550155]毫秒 
【出错文件】e:\exam\admin\user\ListName.aspx.cs 
【出错行号】55 
【出错的类】Jnwf.Utils.Log.Logger 属性[(null)] 
【错误描述】listname,ex:1111 
【错误详情】

＝＝＝＝＝＝＝＝＝＝ 
【日志级别】ERROR 
【记录时间】2015-08-27 13:21:25,215 
【线程编号】[15] 
【执行时间】[134]毫秒 
【出错文件】e:\exam\admin\login.aspx.cs 
【出错行号】34 
【出错的类】Jnwf.Utils.Log.Logger 属性[(null)] 
【错误描述】login,name:lucy@test.ksx.com,pwd:123123,ex:正在中止线程。|   在 System.Threading.Thread.AbortInternal()
   在 System.Threading.Thread.Abort(Object stateInfo)
   在 System.Web.HttpResponse.AbortCurrentThread()
   在 System.Web.HttpResponse.End()
   在 System.Web.HttpResponse.Redirect(String url, Boolean endResponse, Boolean permanent)
   在 System.Web.HttpResponse.Redirect(String url)
   在 login.Button1_Click(Object sender, EventArgs e) 位置 e:\exam\admin\login.aspx.cs:行号 25 
【错误详情】

＝＝＝＝＝＝＝＝＝＝ 
【日志级别】ERROR 
【记录时间】2015-08-27 13:21:29,732 
【线程编号】[19] 
【执行时间】[4651]毫秒 
【出错文件】e:\exam\admin\user\ListName.aspx.cs 
【出错行号】55 
【出错的类】Jnwf.Utils.Log.Logger 属性[(null)] 
【错误描述】listname,ex:1111 
【错误详情】

＝＝＝＝＝＝＝＝＝＝ 
【日志级别】ERROR 
【记录时间】2015-08-27 13:25:11,981 
【线程编号】[19] 
【执行时间】[226899]毫秒 
【出错文件】e:\exam\admin\login.aspx.cs 
【出错行号】34 
【出错的类】Jnwf.Utils.Log.Logger 属性[(null)] 
【错误描述】login,name:coco@test.ksx.com,pwd:123123,ex:正在中止线程。|   在 System.Threading.Thread.AbortInternal()
   在 System.Threading.Thread.Abort(Object stateInfo)
   在 System.Web.HttpResponse.AbortCurrentThread()
   在 System.Web.HttpResponse.End()
   在 System.Web.HttpResponse.Redirect(String url, Boolean endResponse, Boolean permanent)
   在 System.Web.HttpResponse.Redirect(String url)
   在 login.Button1_Click(Object sender, EventArgs e) 位置 e:\exam\admin\login.aspx.cs:行号 25 
【错误详情】

＝＝＝＝＝＝＝＝＝＝ 
【日志级别】ERROR 
【记录时间】2015-08-27 13:25:13,657 
【线程编号】[21] 
【执行时间】[228576]毫秒 
【出错文件】e:\exam\admin\user\ListName.aspx.cs 
【出错行号】55 
【出错的类】Jnwf.Utils.Log.Logger 属性[(null)] 
【错误描述】listname,ex:1111 
【错误详情】

＝＝＝＝＝＝＝＝＝＝ 
【日志级别】ERROR 
【记录时间】2015-08-27 13:31:32,585 
【线程编号】[19] 
【执行时间】[607503]毫秒 
【出错文件】e:\exam\admin\login.aspx.cs 
【出错行号】34 
【出错的类】Jnwf.Utils.Log.Logger 属性[(null)] 
【错误描述】login,name:coco@test.ksx.com,pwd:123123,ex:正在中止线程。|   在 System.Threading.Thread.AbortInternal()
   在 System.Threading.Thread.Abort(Object stateInfo)
   在 System.Web.HttpResponse.AbortCurrentThread()
   在 System.Web.HttpResponse.End()
   在 System.Web.HttpResponse.Redirect(String url, Boolean endResponse, Boolean permanent)
   在 System.Web.HttpResponse.Redirect(String url)
   在 login.Button1_Click(Object sender, EventArgs e) 位置 e:\exam\admin\login.aspx.cs:行号 25 
【错误详情】

＝＝＝＝＝＝＝＝＝＝ 
【日志级别】ERROR 
【记录时间】2015-08-27 13:31:38,047 
【线程编号】[21] 
【执行时间】[612966]毫秒 
【出错文件】e:\exam\admin\user\ListName.aspx.cs 
【出错行号】55 
【出错的类】Jnwf.Utils.Log.Logger 属性[(null)] 
【错误描述】listname,ex:1111 
【错误详情】

＝＝＝＝＝＝＝＝＝＝ 
【日志级别】ERROR 
【记录时间】2015-08-27 13:33:10,118 
【线程编号】[7] 
【执行时间】[103]毫秒 
【出错文件】e:\exam\admin\login.aspx.cs 
【出错行号】34 
【出错的类】Jnwf.Utils.Log.Logger 属性[(null)] 
【错误描述】login,name:coco@test.ksx.com,pwd:123123,ex:正在中止线程。|   在 System.Threading.Thread.AbortInternal()
   在 System.Threading.Thread.Abort(Object stateInfo)
   在 System.Web.HttpResponse.AbortCurrentThread()
   在 System.Web.HttpResponse.End()
   在 System.Web.HttpResponse.Redirect(String url, Boolean endResponse, Boolean permanent)
   在 System.Web.HttpResponse.Redirect(String url)
   在 login.Button1_Click(Object sender, EventArgs e) 位置 e:\exam\admin\login.aspx.cs:行号 25 
【错误详情】

＝＝＝＝＝＝＝＝＝＝ 
【日志级别】ERROR 
【记录时间】2015-08-27 13:35:33,862 
【线程编号】[7] 
【执行时间】[58]毫秒 
【出错文件】e:\exam\admin\login.aspx.cs 
【出错行号】34 
【出错的类】Jnwf.Utils.Log.Logger 属性[(null)] 
【错误描述】login,name:lucy@test.ksx.com,pwd:123123,ex:正在中止线程。|   在 System.Threading.Thread.AbortInternal()
   在 System.Threading.Thread.Abort(Object stateInfo)
   在 System.Web.HttpResponse.AbortCurrentThread()
   在 System.Web.HttpResponse.End()
   在 System.Web.HttpResponse.Redirect(String url, Boolean endResponse, Boolean permanent)
   在 System.Web.HttpResponse.Redirect(String url)
   在 login.Button1_Click(Object sender, EventArgs e) 位置 e:\exam\admin\login.aspx.cs:行号 25 
【错误详情】

＝＝＝＝＝＝＝＝＝＝ 
【日志级别】ERROR 
【记录时间】2015-08-27 13:38:30,295 
【线程编号】[7] 
【执行时间】[55]毫秒 
【出错文件】e:\exam\admin\login.aspx.cs 
【出错行号】34 
【出错的类】Jnwf.Utils.Log.Logger 属性[(null)] 
【错误描述】login,name:coco@test.ksx.com,pwd:123123,ex:正在中止线程。|   在 System.Threading.Thread.AbortInternal()
   在 System.Threading.Thread.Abort(Object stateInfo)
   在 System.Web.HttpResponse.AbortCurrentThread()
   在 System.Web.HttpResponse.End()
   在 System.Web.HttpResponse.Redirect(String url, Boolean endResponse, Boolean permanent)
   在 System.Web.HttpResponse.Redirect(String url)
   在 login.Button1_Click(Object sender, EventArgs e) 位置 e:\exam\admin\login.aspx.cs:行号 25 
【错误详情】

＝＝＝＝＝＝＝＝＝＝ 
【日志级别】ERROR 
【记录时间】2015-08-27 13:38:34,448 
【线程编号】[8] 
【执行时间】[4207]毫秒 
【出错文件】e:\exam\admin\user\ListName.aspx.cs 
【出错行号】55 
【出错的类】Jnwf.Utils.Log.Logger 属性[(null)] 
【错误描述】listname,ex:1111 
【错误详情】

＝＝＝＝＝＝＝＝＝＝ 
【日志级别】ERROR 
【记录时间】2015-08-27 13:40:27,847 
【线程编号】[8] 
【执行时间】[117606]毫秒 
【出错文件】e:\exam\admin\user\ListName.aspx.cs 
【出错行号】55 
【出错的类】Jnwf.Utils.Log.Logger 属性[(null)] 
【错误描述】listname,ex:1111 
【错误详情】

＝＝＝＝＝＝＝＝＝＝ 
【日志级别】ERROR 
【记录时间】2015-08-27 13:53:59,618 
【线程编号】[22] 
【执行时间】[929377]毫秒 
【出错文件】e:\exam\admin\user\ListName.aspx.cs 
【出错行号】55 
【出错的类】Jnwf.Utils.Log.Logger 属性[(null)] 
【错误描述】listname,ex:1111 
【错误详情】

＝＝＝＝＝＝＝＝＝＝ 
【日志级别】ERROR 
【记录时间】2015-08-27 13:55:39,889 
【线程编号】[22] 
【执行时间】[1029648]毫秒 
【出错文件】e:\exam\admin\user\ListName.aspx.cs 
【出错行号】55 
【出错的类】Jnwf.Utils.Log.Logger 属性[(null)] 
【错误描述】listname,ex:1111 
【错误详情】

＝＝＝＝＝＝＝＝＝＝ 
【日志级别】ERROR 
【记录时间】2015-08-27 13:59:25,225 
【线程编号】[18] 
【执行时间】[1254984]毫秒 
【出错文件】e:\exam\admin\user\ListName.aspx.cs 
【出错行号】55 
【出错的类】Jnwf.Utils.Log.Logger 属性[(null)] 
【错误描述】listname,ex:1111 
【错误详情】

＝＝＝＝＝＝＝＝＝＝ 
【日志级别】ERROR 
【记录时间】2015-08-27 14:20:56,496 
【线程编号】[7] 
【执行时间】[59]毫秒 
【出错文件】e:\exam\admin\login.aspx.cs 
【出错行号】34 
【出错的类】Jnwf.Utils.Log.Logger 属性[(null)] 
【错误描述】login,name:admin@test.ksx.com,pwd:admin,ex:正在中止线程。|   在 System.Threading.Thread.AbortInternal()
   在 System.Threading.Thread.Abort(Object stateInfo)
   在 System.Web.HttpResponse.AbortCurrentThread()
   在 System.Web.HttpResponse.End()
   在 System.Web.HttpResponse.Redirect(String url, Boolean endResponse, Boolean permanent)
   在 System.Web.HttpResponse.Redirect(String url)
   在 login.Button1_Click(Object sender, EventArgs e) 位置 e:\exam\admin\login.aspx.cs:行号 25 
【错误详情】

＝＝＝＝＝＝＝＝＝＝ 
【日志级别】ERROR 
【记录时间】2015-08-27 14:55:51,120 
【线程编号】[15] 
【执行时间】[2094682]毫秒 
【出错文件】e:\exam\admin\login.aspx.cs 
【出错行号】34 
【出错的类】Jnwf.Utils.Log.Logger 属性[(null)] 
【错误描述】login,name:admin@test.ksx.com,pwd:admin,ex:正在中止线程。|   在 System.Threading.Thread.AbortInternal()
   在 System.Threading.Thread.Abort(Object stateInfo)
   在 System.Web.HttpResponse.AbortCurrentThread()
   在 System.Web.HttpResponse.End()
   在 System.Web.HttpResponse.Redirect(String url, Boolean endResponse, Boolean permanent)
   在 System.Web.HttpResponse.Redirect(String url)
   在 login.Button1_Click(Object sender, EventArgs e) 位置 e:\exam\admin\login.aspx.cs:行号 25 
【错误详情】

＝＝＝＝＝＝＝＝＝＝ 
【日志级别】ERROR 
【记录时间】2015-08-27 15:19:59,984 
【线程编号】[23] 
【执行时间】[76]毫秒 
【出错文件】e:\exam\admin\login.aspx.cs 
【出错行号】34 
【出错的类】Jnwf.Utils.Log.Logger 属性[(null)] 
【错误描述】login,name:admin@test.ksx.com,pwd:admin,ex:正在中止线程。|   在 System.Threading.Thread.AbortInternal()
   在 System.Threading.Thread.Abort(Object stateInfo)
   在 System.Web.HttpResponse.AbortCurrentThread()
   在 System.Web.HttpResponse.End()
   在 System.Web.HttpResponse.Redirect(String url, Boolean endResponse, Boolean permanent)
   在 System.Web.HttpResponse.Redirect(String url)
   在 login.Button1_Click(Object sender, EventArgs e) 位置 e:\exam\admin\login.aspx.cs:行号 25 
【错误详情】

＝＝＝＝＝＝＝＝＝＝ 
【日志级别】ERROR 
【记录时间】2015-08-27 15:48:37,360 
【线程编号】[52] 
【执行时间】[1717452]毫秒 
【出错文件】e:\exam\admin\login.aspx.cs 
【出错行号】34 
【出错的类】Jnwf.Utils.Log.Logger 属性[(null)] 
【错误描述】login,name:admin@test.ksx.com,pwd:admin,ex:正在中止线程。|   在 System.Threading.Thread.AbortInternal()
   在 System.Threading.Thread.Abort(Object stateInfo)
   在 System.Web.HttpResponse.AbortCurrentThread()
   在 System.Web.HttpResponse.End()
   在 System.Web.HttpResponse.Redirect(String url, Boolean endResponse, Boolean permanent)
   在 System.Web.HttpResponse.Redirect(String url)
   在 login.Button1_Click(Object sender, EventArgs e) 位置 e:\exam\admin\login.aspx.cs:行号 25 
【错误详情】
